0 info it worked if it ends with ok
1 verbose cli [ '/home/hazeez/node/node-v0.10.36-linux-x64/bin/node',
1 verbose cli   '/home/hazeez/node/node-v0.10.36-linux-x64/bin/npm',
1 verbose cli   'install',
1 verbose cli   '-g',
1 verbose cli   'generator-heorku' ]
2 info using npm@1.4.28
3 info using node@v0.10.36
4 verbose cache add [ 'generator-heorku', null ]
5 verbose cache add name=undefined spec="generator-heorku" args=["generator-heorku",null]
6 verbose parsed url { protocol: null,
6 verbose parsed url   slashes: null,
6 verbose parsed url   auth: null,
6 verbose parsed url   host: null,
6 verbose parsed url   port: null,
6 verbose parsed url   hostname: null,
6 verbose parsed url   hash: null,
6 verbose parsed url   search: null,
6 verbose parsed url   query: null,
6 verbose parsed url   pathname: 'generator-heorku',
6 verbose parsed url   path: 'generator-heorku',
6 verbose parsed url   href: 'generator-heorku' }
7 silly lockFile 4462ea79-generator-heorku generator-heorku
8 verbose lock generator-heorku /home/hazeez/.npm/4462ea79-generator-heorku.lock
9 silly lockFile 4462ea79-generator-heorku generator-heorku
10 silly lockFile 4462ea79-generator-heorku generator-heorku
11 verbose addNamed [ 'generator-heorku', '' ]
12 verbose addNamed [ null, '*' ]
13 silly lockFile 22f0da24-generator-heorku generator-heorku@
14 verbose lock generator-heorku@ /home/hazeez/.npm/22f0da24-generator-heorku.lock
15 silly addNameRange { name: 'generator-heorku', range: '*', hasData: false }
16 verbose request where is /generator-heorku
17 verbose request registry https://registry.npmjs.org/
18 verbose request id 91f6060e990d472d
19 verbose url raw /generator-heorku
20 verbose url resolving [ 'https://registry.npmjs.org/', './generator-heorku' ]
21 verbose url resolved https://registry.npmjs.org/generator-heorku
22 verbose request where is https://registry.npmjs.org/generator-heorku
23 info trying registry request attempt 1 at 02:43:23
24 http GET https://registry.npmjs.org/generator-heorku
25 http 404 https://registry.npmjs.org/generator-heorku
26 verbose headers { date: 'Wed, 11 Feb 2015 21:13:25 GMT',
26 verbose headers   server: 'CouchDB/1.5.0 (Erlang OTP/R16B03)',
26 verbose headers   'content-type': 'application/json',
26 verbose headers   'cache-control': 'max-age=0',
26 verbose headers   'content-length': '52',
26 verbose headers   'accept-ranges': 'bytes',
26 verbose headers   via: '1.1 varnish',
26 verbose headers   age: '0',
26 verbose headers   'x-served-by': 'cache-lax1434-LAX',
26 verbose headers   'x-cache': 'MISS',
26 verbose headers   'x-cache-hits': '0',
26 verbose headers   'x-timer': 'S1423689205.029042,VS0,VE46',
26 verbose headers   'keep-alive': 'timeout=10, max=50',
26 verbose headers   connection: 'Keep-Alive' }
27 silly registry.get cb [ 404,
27 silly registry.get   { date: 'Wed, 11 Feb 2015 21:13:25 GMT',
27 silly registry.get     server: 'CouchDB/1.5.0 (Erlang OTP/R16B03)',
27 silly registry.get     'content-type': 'application/json',
27 silly registry.get     'cache-control': 'max-age=0',
27 silly registry.get     'content-length': '52',
27 silly registry.get     'accept-ranges': 'bytes',
27 silly registry.get     via: '1.1 varnish',
27 silly registry.get     age: '0',
27 silly registry.get     'x-served-by': 'cache-lax1434-LAX',
27 silly registry.get     'x-cache': 'MISS',
27 silly registry.get     'x-cache-hits': '0',
27 silly registry.get     'x-timer': 'S1423689205.029042,VS0,VE46',
27 silly registry.get     'keep-alive': 'timeout=10, max=50',
27 silly registry.get     connection: 'Keep-Alive' } ]
28 silly lockFile 22f0da24-generator-heorku generator-heorku@
29 silly lockFile 22f0da24-generator-heorku generator-heorku@
30 error 404 404 Not Found: generator-heorku
30 error 404
30 error 404 'generator-heorku' is not in the npm registry.
30 error 404 You should bug the author to publish it
30 error 404
30 error 404 Note that you can also install from a
30 error 404 tarball, folder, or http url, or git url.
31 error System Linux 3.2.0-75-generic
32 error command "/home/hazeez/node/node-v0.10.36-linux-x64/bin/node" "/home/hazeez/node/node-v0.10.36-linux-x64/bin/npm" "install" "-g" "generator-heorku"
33 error cwd /home/hazeez/MyProjects/webdesign/shaweb
34 error node -v v0.10.36
35 error npm -v 1.4.28
36 error code E404
37 verbose exit [ 1, true ]
